<?xml version="1.0" encoding="UTF-8"?>
<testng-results ignored="0" total="2" passed="2" failed="0" skipped="0">
  <reporter-output>
    <line>
      <![CDATA[Hello Selenium]]>
    </line>
    <line>
      <![CDATA[Hello java]]>
    </line>
  </reporter-output>
  <suite started-at="2021-02-12T14:29:10Z" name="Suite" finished-at="2021-02-12T14:29:10Z" duration-ms="148">
    <groups>
    </groups>
    <test started-at="2021-02-12T14:29:10Z" name="Test" finished-at="2021-02-12T14:29:10Z" duration-ms="148">
      <class name="sample.Test2">
        <test-method signature="demo()[pri:0, instance:sample.Test2@67b9b51a]" started-at="2021-02-12T14:29:10Z" name="demo" finished-at="2021-02-12T14:29:10Z" duration-ms="27" status="PASS">
          <reporter-output>
            <line>
              <![CDATA[Hello Selenium]]>
            </line>
          </reporter-output>
        </test-method> <!-- demo -->
      </class> <!-- sample.Test2 -->
      <class name="sample.Test1">
        <test-method signature="demo()[pri:0, instance:sample.Test1@1205bd62]" started-at="2021-02-12T14:29:10Z" name="demo" finished-at="2021-02-12T14:29:10Z" duration-ms="3" status="PASS">
          <reporter-output>
            <line>
              <![CDATA[Hello java]]>
            </line>
          </reporter-output>
        </test-method> <!-- demo -->
      </class> <!-- sample.Test1 -->
    </test> <!-- Test -->
  </suite> <!-- Suite -->
</testng-results>
